<?xml version="1.0" encoding="UTF-8"?>
<!-- Generated by org.testng.reporters.JUnitReportReporter -->
<testsuite skipped="0" hostname="DESKTOP-0P2GBV1" name="excelDemo.ExcelDriver" tests="1" failures="0" timestamp="2020-03-18T14:19:29 IST" time="1.872" errors="0">
  <testcase name="GetData" time="1.872" classname="excelDemo.ExcelDriver"/>
  <system-out/>
</testsuite> <!-- excelDemo.ExcelDriver -->
