<?xml version="1.0" encoding="UTF-8"?>
<!-- Generated by org.testng.reporters.JUnitReportReporter -->
<testsuite skipped="0" hostname="DESKTOP-0P2GBV1" name="log4JDemo.LogsTest" tests="1" failures="0" timestamp="2020-03-19T17:36:19 IST" time="0.052" errors="0">
  <testcase name="loggingMsg" time="0.052" classname="log4JDemo.LogsTest"/>
  <system-out/>
</testsuite> <!-- log4JDemo.LogsTest -->
