<?xml version="1.0" encoding="UTF-8"?>
<!-- Generated by org.testng.reporters.JUnitReportReporter -->
<testsuite skipped="0" hostname="DESKTOP-0P2GBV1" name="testScripts.BookModuleTest" tests="1" failures="0" timestamp="2020-03-23T17:43:18 IST" time="5.340" errors="0">
  <testcase name="SearchResultMessageTest" time="5.340" classname="testScripts.BookModuleTest"/>
  <system-out/>
</testsuite> <!-- testScripts.BookModuleTest -->
