<?xml version="1.0" encoding="UTF-8"?>
<!-- Generated by org.testng.reporters.JUnitReportReporter -->
<testsuite skipped="0" hostname="DESKTOP-0P2GBV1" name="com.org.rediffApp.RediffLandingPage" tests="1" failures="0" timestamp="2020-03-19T18:20:10 IST" time="23.987" errors="0">
  <testcase name="LandingTest" time="23.987" classname="com.org.rediffApp.RediffLandingPage"/>
  <system-out/>
</testsuite> <!-- com.org.rediffApp.RediffLandingPage -->
