<?xml version="1.0" encoding="UTF-8"?>
<!-- Generated by org.testng.reporters.JUnitReportReporter -->
<testsuite skipped="0" hostname="DESKTOP-0P2GBV1" name="com.org.rediffApp.RediffLoginTest" tests="1" failures="0" timestamp="2020-03-18T21:20:23 IST" time="57.446" errors="0">
  <testcase name="LoginToRediff" time="57.446" classname="com.org.rediffApp.RediffLoginTest"/>
  <system-out/>
</testsuite> <!-- com.org.rediffApp.RediffLoginTest -->
