<?xml version="1.0" encoding="UTF-8"?>
<!-- Generated by org.testng.reporters.JUnitReportReporter -->
<testsuite skipped="0" hostname="DESKTOP-0P2GBV1" name="excelDemo.PickDataTest1" tests="1" failures="0" timestamp="2020-03-18T15:18:13 IST" time="1.922" errors="0">
  <testcase name="PickDataTestcase1" time="1.922" classname="excelDemo.PickDataTest1"/>
  <system-out/>
</testsuite> <!-- excelDemo.PickDataTest1 -->
