<?xml version="1.0" encoding="UTF-8"?>
<!-- Generated by org.testng.reporters.JUnitReportReporter -->
<testsuite skipped="0" hostname="DESKTOP-0P2GBV1" name="com.org.rediffApp.RediffLandingPage" tests="1" failures="0" timestamp="2020-03-21T05:07:38 IST" time="17.538" errors="0">
  <testcase name="LandingTest" time="17.538" classname="com.org.rediffApp.RediffLandingPage"/>
  <system-out/>
</testsuite> <!-- com.org.rediffApp.RediffLandingPage -->
